<?xml version="1.0" encoding="UTF-8" ?>
<testsuite failures="0" time="8.144" errors="0" skipped="0" tests="368" name="TestSuite">
  <properties>
    <property name="java.runtime.name" value="OpenJDK Runtime Environment"/>
    <property name="sun.boot.library.path" value="/usr/lib/jvm/java-6-openjdk/jre/lib/amd64"/>
    <property name="java.vm.version" value="19.0-b09"/>
    <property name="java.vm.vendor" value="Sun Microsystems Inc."/>
    <property name="java.vendor.url" value="http://java.sun.com/"/>
    <property name="path.separator" value=":"/>
    <property name="java.vm.name" value="OpenJDK 64-Bit Server VM"/>
    <property name="file.encoding.pkg" value="sun.io"/>
    <property name="user.country" value="US"/>
    <property name="sun.java.launcher" value="SUN_STANDARD"/>
    <property name="sun.os.patch.level" value="unknown"/>
    <property name="java.vm.specification.name" value="Java Virtual Machine Specification"/>
    <property name="user.dir" value="/home/maartend/Desktop/test"/>
    <property name="java.runtime.version" value="1.6.0_20-b20"/>
    <property name="java.awt.graphicsenv" value="sun.awt.X11GraphicsEnvironment"/>
    <property name="basedir" value="/home/maartend/Desktop/test"/>
    <property name="java.endorsed.dirs" value="/usr/lib/jvm/java-6-openjdk/jre/lib/endorsed"/>
    <property name="os.arch" value="amd64"/>
    <property name="surefire.real.class.path" value="/tmp/surefirebooter6857146418013205000.jar"/>
    <property name="java.io.tmpdir" value="/tmp"/>
    <property name="line.separator" value="
"/>
    <property name="java.vm.specification.vendor" value="Sun Microsystems Inc."/>
    <property name="os.name" value="Linux"/>
    <property name="sun.jnu.encoding" value="UTF-8"/>
    <property name="java.library.path" value="/usr/lib/jvm/java-6-openjdk/jre/lib/amd64/server:/usr/lib/jvm/java-6-openjdk/jre/lib/amd64:/usr/lib/jvm/java-6-openjdk/jre/../lib/amd64:/usr/java/packages/lib/amd64:/usr/lib/jni:/lib:/usr/lib"/>
    <property name="surefire.test.class.path" value="/home/maartend/Desktop/test/target/test-classes:/home/maartend/Desktop/test/target/classes:/home/maartend/.m2/repository/org/testng/testng/5.10/testng-5.10-jdk15.jar:/home/maartend/.m2/repository/junit/junit/3.8.1/junit-3.8.1.jar:/home/maartend/.m2/repository/xmlunit/xmlunit/1.3/xmlunit-1.3.jar:/home/maartend/.m2/repository/org/springframework/spring-core/3.0.0.RELEASE/spring-core-3.0.0.RELEASE.jar:/home/maartend/.m2/repository/org/springframework/spring-asm/3.0.0.RELEASE/spring-asm-3.0.0.RELEASE.jar:/home/maartend/.m2/repository/commons-logging/commons-logging/1.1/commons-logging-1.1.jar:/home/maartend/.m2/repository/log4j/log4j/1.2.14/log4j-1.2.14.jar:/home/maartend/.m2/repository/logkit/logkit/1.0.1/logkit-1.0.1.jar:/home/maartend/.m2/repository/avalon-framework/avalon-framework/4.1.3/avalon-framework-4.1.3.jar:/home/maartend/.m2/repository/commons-jxpath/commons-jxpath/1.3/commons-jxpath-1.3.jar:/home/maartend/.m2/repository/com/sun/xml/bind/jaxb-impl/2.1.12/jaxb-impl-2.1.12.jar:/home/maartend/.m2/repository/javax/xml/bind/jaxb-api/2.1/jaxb-api-2.1.jar:/home/maartend/.m2/repository/javax/xml/stream/stax-api/1.0-2/stax-api-1.0-2.jar:/home/maartend/.m2/repository/javax/activation/activation/1.1/activation-1.1.jar:"/>
    <property name="java.specification.name" value="Java Platform API Specification"/>
    <property name="java.class.version" value="50.0"/>
    <property name="sun.management.compiler" value="HotSpot 64-Bit Server Compiler"/>
    <property name="com.sun.xacml.PDPConfigFile" value="src/test/resources/config.xml"/>
    <property name="os.version" value="2.6.32-38-generic"/>
    <property name="user.home" value="/home/maartend"/>
    <property name="user.timezone" value="Europe/Brussels"/>
    <property name="java.awt.printerjob" value="sun.print.PSPrinterJob"/>
    <property name="java.specification.version" value="1.6"/>
    <property name="file.encoding" value="UTF-8"/>
    <property name="user.name" value="maartend"/>
    <property name="java.class.path" value="/home/maartend/Desktop/test/target/test-classes:/home/maartend/Desktop/test/target/classes:/home/maartend/.m2/repository/org/testng/testng/5.10/testng-5.10-jdk15.jar:/home/maartend/.m2/repository/junit/junit/3.8.1/junit-3.8.1.jar:/home/maartend/.m2/repository/xmlunit/xmlunit/1.3/xmlunit-1.3.jar:/home/maartend/.m2/repository/org/springframework/spring-core/3.0.0.RELEASE/spring-core-3.0.0.RELEASE.jar:/home/maartend/.m2/repository/org/springframework/spring-asm/3.0.0.RELEASE/spring-asm-3.0.0.RELEASE.jar:/home/maartend/.m2/repository/commons-logging/commons-logging/1.1/commons-logging-1.1.jar:/home/maartend/.m2/repository/log4j/log4j/1.2.14/log4j-1.2.14.jar:/home/maartend/.m2/repository/logkit/logkit/1.0.1/logkit-1.0.1.jar:/home/maartend/.m2/repository/avalon-framework/avalon-framework/4.1.3/avalon-framework-4.1.3.jar:/home/maartend/.m2/repository/commons-jxpath/commons-jxpath/1.3/commons-jxpath-1.3.jar:/home/maartend/.m2/repository/com/sun/xml/bind/jaxb-impl/2.1.12/jaxb-impl-2.1.12.jar:/home/maartend/.m2/repository/javax/xml/bind/jaxb-api/2.1/jaxb-api-2.1.jar:/home/maartend/.m2/repository/javax/xml/stream/stax-api/1.0-2/stax-api-1.0-2.jar:/home/maartend/.m2/repository/javax/activation/activation/1.1/activation-1.1.jar:"/>
    <property name="java.vm.specification.version" value="1.0"/>
    <property name="sun.arch.data.model" value="64"/>
    <property name="java.home" value="/usr/lib/jvm/java-6-openjdk/jre"/>
    <property name="java.specification.vendor" value="Sun Microsystems Inc."/>
    <property name="user.language" value="en"/>
    <property name="java.vm.info" value="mixed mode"/>
    <property name="java.version" value="1.6.0_20"/>
    <property name="java.ext.dirs" value="/usr/lib/jvm/java-6-openjdk/jre/lib/ext:/usr/java/packages/lib/ext"/>
    <property name="sun.boot.class.path" value="/usr/lib/jvm/java-6-openjdk/jre/lib/resources.jar:/usr/lib/jvm/java-6-openjdk/jre/lib/rt.jar:/usr/lib/jvm/java-6-openjdk/jre/lib/sunrsasign.jar:/usr/lib/jvm/java-6-openjdk/jre/lib/jsse.jar:/usr/lib/jvm/java-6-openjdk/jre/lib/jce.jar:/usr/lib/jvm/java-6-openjdk/jre/lib/charsets.jar:/usr/lib/jvm/java-6-openjdk/jre/lib/netx.jar:/usr/lib/jvm/java-6-openjdk/jre/lib/plugin.jar:/usr/lib/jvm/java-6-openjdk/jre/lib/rhino.jar:/usr/lib/jvm/java-6-openjdk/jre/lib/modules/jdk.boot.jar:/usr/lib/jvm/java-6-openjdk/jre/classes"/>
    <property name="java.vendor" value="Sun Microsystems Inc."/>
    <property name="localRepository" value="/home/maartend/.m2/repository"/>
    <property name="file.separator" value="/"/>
    <property name="java.vendor.url.bug" value="http://java.sun.com/cgi-bin/bugreport.cgi"/>
    <property name="sun.cpu.endian" value="little"/>
    <property name="sun.io.unicode.encoding" value="UnicodeLittle"/>
    <property name="sun.desktop" value="gnome"/>
    <property name="sun.cpu.isalist" value=""/>
  </properties>
  <testcase time="0.839" classname="com.sun.xacml.test.ConformanceTest" name="testXACML"/>
  <testcase time="0.013" classname="com.sun.xacml.test.ConformanceTest" name="testXACML"/>
  <testcase time="0.046" classname="com.sun.xacml.test.ConformanceTest" name="testXACML"/>
  <testcase time="0.007" classname="com.sun.xacml.test.ConformanceTest" name="testXACML"/>
  <testcase time="0.011" classname="com.sun.xacml.test.ConformanceTest" name="testXACML"/>
  <testcase time="0.014" classname="com.sun.xacml.test.ConformanceTest" name="testXACML"/>
  <testcase time="0.023" classname="com.sun.xacml.test.ConformanceTest" name="testXACML"/>
  <testcase time="0.031" classname="com.sun.xacml.test.ConformanceTest" name="testXACML"/>
  <testcase time="0.015" classname="com.sun.xacml.test.ConformanceTest" name="testXACML"/>
  <testcase time="0.008" classname="com.sun.xacml.test.ConformanceTest" name="testXACML"/>
  <testcase time="0.007" classname="com.sun.xacml.test.ConformanceTest" name="testXACML"/>
  <testcase time="0.016" classname="com.sun.xacml.test.ConformanceTest" name="testXACML"/>
  <testcase time="0.014" classname="com.sun.xacml.test.ConformanceTest" name="testXACML"/>
  <testcase time="0.017" classname="com.sun.xacml.test.ConformanceTest" name="testXACML"/>
  <testcase time="0.015" classname="com.sun.xacml.test.ConformanceTest" name="testXACML"/>
  <testcase time="0.087" classname="com.sun.xacml.test.ConformanceTest" name="testXACML"/>
  <testcase time="0.008" classname="com.sun.xacml.test.ConformanceTest" name="testXACML"/>
  <testcase time="0.012" classname="com.sun.xacml.test.ConformanceTest" name="testXACML"/>
  <testcase time="0.007" classname="com.sun.xacml.test.ConformanceTest" name="testXACML"/>
  <testcase time="0.02" classname="com.sun.xacml.test.ConformanceTest" name="testXACML"/>
  <testcase time="0.007" classname="com.sun.xacml.test.ConformanceTest" name="testXACML"/>
  <testcase time="0.006" classname="com.sun.xacml.test.ConformanceTest" name="testXACML"/>
  <testcase time="0.007" classname="com.sun.xacml.test.ConformanceTest" name="testXACML"/>
  <testcase time="0.008" classname="com.sun.xacml.test.ConformanceTest" name="testXACML"/>
  <testcase time="0.01" classname="com.sun.xacml.test.ConformanceTest" name="testXACML"/>
  <testcase time="0.009" classname="com.sun.xacml.test.ConformanceTest" name="testXACML"/>
  <testcase time="0.01" classname="com.sun.xacml.test.ConformanceTest" name="testXACML"/>
  <testcase time="0.009" classname="com.sun.xacml.test.ConformanceTest" name="testXACML"/>
  <testcase time="0.009" classname="com.sun.xacml.test.ConformanceTest" name="testXACML"/>
  <testcase time="0.021" classname="com.sun.xacml.test.ConformanceTest" name="testXACML"/>
  <testcase time="0.009" classname="com.sun.xacml.test.ConformanceTest" name="testXACML"/>
  <testcase time="0.008" classname="com.sun.xacml.test.ConformanceTest" name="testXACML"/>
  <testcase time="0.01" classname="com.sun.xacml.test.ConformanceTest" name="testXACML"/>
  <testcase time="0.008" classname="com.sun.xacml.test.ConformanceTest" name="testXACML"/>
  <testcase time="0.1" classname="com.sun.xacml.test.ConformanceTest" name="testXACML"/>
  <testcase time="0.009" classname="com.sun.xacml.test.ConformanceTest" name="testXACML"/>
  <testcase time="0.014" classname="com.sun.xacml.test.ConformanceTest" name="testXACML"/>
  <testcase time="0.011" classname="com.sun.xacml.test.ConformanceTest" name="testXACML"/>
  <testcase time="0.01" classname="com.sun.xacml.test.ConformanceTest" name="testXACML"/>
  <testcase time="0.008" classname="com.sun.xacml.test.ConformanceTest" name="testXACML"/>
  <testcase time="0.01" classname="com.sun.xacml.test.ConformanceTest" name="testXACML"/>
  <testcase time="0.007" classname="com.sun.xacml.test.ConformanceTest" name="testXACML"/>
  <testcase time="0.017" classname="com.sun.xacml.test.ConformanceTest" name="testXACML"/>
  <testcase time="0.008" classname="com.sun.xacml.test.ConformanceTest" name="testXACML"/>
  <testcase time="0.009" classname="com.sun.xacml.test.ConformanceTest" name="testXACML"/>
  <testcase time="0.011" classname="com.sun.xacml.test.ConformanceTest" name="testXACML"/>
  <testcase time="0.027" classname="com.sun.xacml.test.ConformanceTest" name="testXACML"/>
  <testcase time="0.01" classname="com.sun.xacml.test.ConformanceTest" name="testXACML"/>
  <testcase time="0.019" classname="com.sun.xacml.test.ConformanceTest" name="testXACML"/>
  <testcase time="0.011" classname="com.sun.xacml.test.ConformanceTest" name="testXACML"/>
  <testcase time="0.01" classname="com.sun.xacml.test.ConformanceTest" name="testXACML"/>
  <testcase time="0.008" classname="com.sun.xacml.test.ConformanceTest" name="testXACML"/>
  <testcase time="0.008" classname="com.sun.xacml.test.ConformanceTest" name="testXACML"/>
  <testcase time="0.008" classname="com.sun.xacml.test.ConformanceTest" name="testXACML"/>
  <testcase time="0.008" classname="com.sun.xacml.test.ConformanceTest" name="testXACML"/>
  <testcase time="0.006" classname="com.sun.xacml.test.ConformanceTest" name="testXACML"/>
  <testcase time="0.008" classname="com.sun.xacml.test.ConformanceTest" name="testXACML"/>
  <testcase time="0.007" classname="com.sun.xacml.test.ConformanceTest" name="testXACML"/>
  <testcase time="0.012" classname="com.sun.xacml.test.ConformanceTest" name="testXACML"/>
  <testcase time="0.009" classname="com.sun.xacml.test.ConformanceTest" name="testXACML"/>
  <testcase time="0.013" classname="com.sun.xacml.test.ConformanceTest" name="testXACML"/>
  <testcase time="0.009" classname="com.sun.xacml.test.ConformanceTest" name="testXACML"/>
  <testcase time="0.009" classname="com.sun.xacml.test.ConformanceTest" name="testXACML"/>
  <testcase time="0.014" classname="com.sun.xacml.test.ConformanceTest" name="testXACML"/>
  <testcase time="0.009" classname="com.sun.xacml.test.ConformanceTest" name="testXACML"/>
  <testcase time="0.01" classname="com.sun.xacml.test.ConformanceTest" name="testXACML"/>
  <testcase time="0.008" classname="com.sun.xacml.test.ConformanceTest" name="testXACML"/>
  <testcase time="0.007" classname="com.sun.xacml.test.ConformanceTest" name="testXACML"/>
  <testcase time="0.008" classname="com.sun.xacml.test.ConformanceTest" name="testXACML"/>
  <testcase time="0.01" classname="com.sun.xacml.test.ConformanceTest" name="testXACML"/>
  <testcase time="0.008" classname="com.sun.xacml.test.ConformanceTest" name="testXACML"/>
  <testcase time="0.02" classname="com.sun.xacml.test.ConformanceTest" name="testXACML"/>
  <testcase time="0.014" classname="com.sun.xacml.test.ConformanceTest" name="testXACML"/>
  <testcase time="0.009" classname="com.sun.xacml.test.ConformanceTest" name="testXACML"/>
  <testcase time="0.008" classname="com.sun.xacml.test.ConformanceTest" name="testXACML"/>
  <testcase time="0.008" classname="com.sun.xacml.test.ConformanceTest" name="testXACML"/>
  <testcase time="0.007" classname="com.sun.xacml.test.ConformanceTest" name="testXACML"/>
  <testcase time="0.008" classname="com.sun.xacml.test.ConformanceTest" name="testXACML"/>
  <testcase time="0.008" classname="com.sun.xacml.test.ConformanceTest" name="testXACML"/>
  <testcase time="0.008" classname="com.sun.xacml.test.ConformanceTest" name="testXACML"/>
  <testcase time="0.014" classname="com.sun.xacml.test.ConformanceTest" name="testXACML"/>
  <testcase time="0.006" classname="com.sun.xacml.test.ConformanceTest" name="testXACML"/>
  <testcase time="0.011" classname="com.sun.xacml.test.ConformanceTest" name="testXACML"/>
  <testcase time="0.007" classname="com.sun.xacml.test.ConformanceTest" name="testXACML"/>
  <testcase time="0.007" classname="com.sun.xacml.test.ConformanceTest" name="testXACML"/>
  <testcase time="0.004" classname="com.sun.xacml.test.ConformanceTest" name="testXACML"/>
  <testcase time="0.009" classname="com.sun.xacml.test.ConformanceTest" name="testXACML"/>
  <testcase time="0.004" classname="com.sun.xacml.test.ConformanceTest" name="testXACML"/>
  <testcase time="0.021" classname="com.sun.xacml.test.ConformanceTest" name="testXACML"/>
  <testcase time="0.008" classname="com.sun.xacml.test.ConformanceTest" name="testXACML"/>
  <testcase time="0.016" classname="com.sun.xacml.test.ConformanceTest" name="testXACML"/>
  <testcase time="0.007" classname="com.sun.xacml.test.ConformanceTest" name="testXACML"/>
  <testcase time="0.007" classname="com.sun.xacml.test.ConformanceTest" name="testXACML"/>
  <testcase time="0.006" classname="com.sun.xacml.test.ConformanceTest" name="testXACML"/>
  <testcase time="0.006" classname="com.sun.xacml.test.ConformanceTest" name="testXACML"/>
  <testcase time="0.007" classname="com.sun.xacml.test.ConformanceTest" name="testXACML"/>
  <testcase time="0.007" classname="com.sun.xacml.test.ConformanceTest" name="testXACML"/>
  <testcase time="0.007" classname="com.sun.xacml.test.ConformanceTest" name="testXACML"/>
  <testcase time="0.017" classname="com.sun.xacml.test.ConformanceTest" name="testXACML"/>
  <testcase time="0.012" classname="com.sun.xacml.test.ConformanceTest" name="testXACML"/>
  <testcase time="0.008" classname="com.sun.xacml.test.ConformanceTest" name="testXACML"/>
  <testcase time="0.019" classname="com.sun.xacml.test.ConformanceTest" name="testXACML"/>
  <testcase time="0.007" classname="com.sun.xacml.test.ConformanceTest" name="testXACML"/>
  <testcase time="0.007" classname="com.sun.xacml.test.ConformanceTest" name="testXACML"/>
  <testcase time="0.014" classname="com.sun.xacml.test.ConformanceTest" name="testXACML"/>
  <testcase time="0.008" classname="com.sun.xacml.test.ConformanceTest" name="testXACML"/>
  <testcase time="0.006" classname="com.sun.xacml.test.ConformanceTest" name="testXACML"/>
  <testcase time="0.007" classname="com.sun.xacml.test.ConformanceTest" name="testXACML"/>
  <testcase time="0.012" classname="com.sun.xacml.test.ConformanceTest" name="testXACML"/>
  <testcase time="0.006" classname="com.sun.xacml.test.ConformanceTest" name="testXACML"/>
  <testcase time="0.009" classname="com.sun.xacml.test.ConformanceTest" name="testXACML"/>
  <testcase time="0.008" classname="com.sun.xacml.test.ConformanceTest" name="testXACML"/>
  <testcase time="0.007" classname="com.sun.xacml.test.ConformanceTest" name="testXACML"/>
  <testcase time="0.015" classname="com.sun.xacml.test.ConformanceTest" name="testXACML"/>
  <testcase time="0.009" classname="com.sun.xacml.test.ConformanceTest" name="testXACML"/>
  <testcase time="0.014" classname="com.sun.xacml.test.ConformanceTest" name="testXACML"/>
  <testcase time="0.016" classname="com.sun.xacml.test.ConformanceTest" name="testXACML"/>
  <testcase time="0.018" classname="com.sun.xacml.test.ConformanceTest" name="testXACML"/>
  <testcase time="0.01" classname="com.sun.xacml.test.ConformanceTest" name="testXACML"/>
  <testcase time="0.016" classname="com.sun.xacml.test.ConformanceTest" name="testXACML"/>
  <testcase time="0.014" classname="com.sun.xacml.test.ConformanceTest" name="testXACML"/>
  <testcase time="0.015" classname="com.sun.xacml.test.ConformanceTest" name="testXACML"/>
  <testcase time="0.019" classname="com.sun.xacml.test.ConformanceTest" name="testXACML"/>
  <testcase time="0.009" classname="com.sun.xacml.test.ConformanceTest" name="testXACML"/>
  <testcase time="0.009" classname="com.sun.xacml.test.ConformanceTest" name="testXACML"/>
  <testcase time="0.047" classname="com.sun.xacml.test.ConformanceTest" name="testXACML"/>
  <testcase time="0.012" classname="com.sun.xacml.test.ConformanceTest" name="testXACML"/>
  <testcase time="0.009" classname="com.sun.xacml.test.ConformanceTest" name="testXACML"/>
  <testcase time="0.011" classname="com.sun.xacml.test.ConformanceTest" name="testXACML"/>
  <testcase time="0.008" classname="com.sun.xacml.test.ConformanceTest" name="testXACML"/>
  <testcase time="0.007" classname="com.sun.xacml.test.ConformanceTest" name="testXACML"/>
  <testcase time="0.02" classname="com.sun.xacml.test.ConformanceTest" name="testXACML"/>
  <testcase time="0.007" classname="com.sun.xacml.test.ConformanceTest" name="testXACML"/>
  <testcase time="0.024" classname="com.sun.xacml.test.ConformanceTest" name="testXACML"/>
  <testcase time="0.007" classname="com.sun.xacml.test.ConformanceTest" name="testXACML"/>
  <testcase time="0.01" classname="com.sun.xacml.test.ConformanceTest" name="testXACML"/>
  <testcase time="0.014" classname="com.sun.xacml.test.ConformanceTest" name="testXACML"/>
  <testcase time="0.012" classname="com.sun.xacml.test.ConformanceTest" name="testXACML"/>
  <testcase time="0.007" classname="com.sun.xacml.test.ConformanceTest" name="testXACML"/>
  <testcase time="0.005" classname="com.sun.xacml.test.ConformanceTest" name="testXACML"/>
  <testcase time="0.007" classname="com.sun.xacml.test.ConformanceTest" name="testXACML"/>
  <testcase time="0.007" classname="com.sun.xacml.test.ConformanceTest" name="testXACML"/>
  <testcase time="0.006" classname="com.sun.xacml.test.ConformanceTest" name="testXACML"/>
  <testcase time="0.014" classname="com.sun.xacml.test.ConformanceTest" name="testXACML"/>
  <testcase time="0.007" classname="com.sun.xacml.test.ConformanceTest" name="testXACML"/>
  <testcase time="0.006" classname="com.sun.xacml.test.ConformanceTest" name="testXACML"/>
  <testcase time="0.009" classname="com.sun.xacml.test.ConformanceTest" name="testXACML"/>
  <testcase time="0.006" classname="com.sun.xacml.test.ConformanceTest" name="testXACML"/>
  <testcase time="0.007" classname="com.sun.xacml.test.ConformanceTest" name="testXACML"/>
  <testcase time="0.007" classname="com.sun.xacml.test.ConformanceTest" name="testXACML"/>
  <testcase time="0.007" classname="com.sun.xacml.test.ConformanceTest" name="testXACML"/>
  <testcase time="0.006" classname="com.sun.xacml.test.ConformanceTest" name="testXACML"/>
  <testcase time="0.005" classname="com.sun.xacml.test.ConformanceTest" name="testXACML"/>
  <testcase time="0.005" classname="com.sun.xacml.test.ConformanceTest" name="testXACML"/>
  <testcase time="0.006" classname="com.sun.xacml.test.ConformanceTest" name="testXACML"/>
  <testcase time="0.033" classname="com.sun.xacml.test.ConformanceTest" name="testXACML"/>
  <testcase time="0.006" classname="com.sun.xacml.test.ConformanceTest" name="testXACML"/>
  <testcase time="0.007" classname="com.sun.xacml.test.ConformanceTest" name="testXACML"/>
  <testcase time="0.016" classname="com.sun.xacml.test.ConformanceTest" name="testXACML"/>
  <testcase time="0.016" classname="com.sun.xacml.test.ConformanceTest" name="testXACML"/>
  <testcase time="0.018" classname="com.sun.xacml.test.ConformanceTest" name="testXACML"/>
  <testcase time="0.012" classname="com.sun.xacml.test.ConformanceTest" name="testXACML"/>
  <testcase time="0.008" classname="com.sun.xacml.test.ConformanceTest" name="testXACML"/>
  <testcase time="0.015" classname="com.sun.xacml.test.ConformanceTest" name="testXACML"/>
  <testcase time="0.008" classname="com.sun.xacml.test.ConformanceTest" name="testXACML"/>
  <testcase time="0.006" classname="com.sun.xacml.test.ConformanceTest" name="testXACML"/>
  <testcase time="0.061" classname="com.sun.xacml.test.ConformanceTest" name="testXACML"/>
  <testcase time="0.008" classname="com.sun.xacml.test.ConformanceTest" name="testXACML"/>
  <testcase time="0.014" classname="com.sun.xacml.test.ConformanceTest" name="testXACML"/>
  <testcase time="0.014" classname="com.sun.xacml.test.ConformanceTest" name="testXACML"/>
  <testcase time="0.017" classname="com.sun.xacml.test.ConformanceTest" name="testXACML"/>
  <testcase time="0.015" classname="com.sun.xacml.test.ConformanceTest" name="testXACML"/>
  <testcase time="0.006" classname="com.sun.xacml.test.ConformanceTest" name="testXACML"/>
  <testcase time="0.013" classname="com.sun.xacml.test.ConformanceTest" name="testXACML"/>
  <testcase time="0.01" classname="com.sun.xacml.test.ConformanceTest" name="testXACML"/>
  <testcase time="0.005" classname="com.sun.xacml.test.ConformanceTest" name="testXACML"/>
  <testcase time="0.026" classname="com.sun.xacml.test.ConformanceTest" name="testXACML"/>
  <testcase time="0.005" classname="com.sun.xacml.test.ConformanceTest" name="testXACML"/>
  <testcase time="0.007" classname="com.sun.xacml.test.ConformanceTest" name="testXACML"/>
  <testcase time="0.011" classname="com.sun.xacml.test.ConformanceTest" name="testXACML"/>
  <testcase time="0.005" classname="com.sun.xacml.test.ConformanceTest" name="testXACML"/>
  <testcase time="0.006" classname="com.sun.xacml.test.ConformanceTest" name="testXACML"/>
  <testcase time="0.005" classname="com.sun.xacml.test.ConformanceTest" name="testXACML"/>
  <testcase time="0.005" classname="com.sun.xacml.test.ConformanceTest" name="testXACML"/>
  <testcase time="0.006" classname="com.sun.xacml.test.ConformanceTest" name="testXACML"/>
  <testcase time="0.005" classname="com.sun.xacml.test.ConformanceTest" name="testXACML"/>
  <testcase time="0.006" classname="com.sun.xacml.test.ConformanceTest" name="testXACML"/>
  <testcase time="0.008" classname="com.sun.xacml.test.ConformanceTest" name="testXACML"/>
  <testcase time="0.005" classname="com.sun.xacml.test.ConformanceTest" name="testXACML"/>
  <testcase time="0.005" classname="com.sun.xacml.test.ConformanceTest" name="testXACML"/>
  <testcase time="0.005" classname="com.sun.xacml.test.ConformanceTest" name="testXACML"/>
  <testcase time="0.005" classname="com.sun.xacml.test.ConformanceTest" name="testXACML"/>
  <testcase time="0.005" classname="com.sun.xacml.test.ConformanceTest" name="testXACML"/>
  <testcase time="0.006" classname="com.sun.xacml.test.ConformanceTest" name="testXACML"/>
  <testcase time="0.006" classname="com.sun.xacml.test.ConformanceTest" name="testXACML"/>
  <testcase time="0.004" classname="com.sun.xacml.test.ConformanceTest" name="testXACML"/>
  <testcase time="0.007" classname="com.sun.xacml.test.ConformanceTest" name="testXACML"/>
  <testcase time="0.006" classname="com.sun.xacml.test.ConformanceTest" name="testXACML"/>
  <testcase time="0.007" classname="com.sun.xacml.test.ConformanceTest" name="testXACML"/>
  <testcase time="0.01" classname="com.sun.xacml.test.ConformanceTest" name="testXACML"/>
  <testcase time="0.01" classname="com.sun.xacml.test.ConformanceTest" name="testXACML"/>
  <testcase time="0.013" classname="com.sun.xacml.test.ConformanceTest" name="testXACML"/>
  <testcase time="0.011" classname="com.sun.xacml.test.ConformanceTest" name="testXACML"/>
  <testcase time="0.006" classname="com.sun.xacml.test.ConformanceTest" name="testXACML"/>
  <testcase time="0.005" classname="com.sun.xacml.test.ConformanceTest" name="testXACML"/>
  <testcase time="0.006" classname="com.sun.xacml.test.ConformanceTest" name="testXACML"/>
  <testcase time="0.029" classname="com.sun.xacml.test.ConformanceTest" name="testXACML"/>
  <testcase time="0.005" classname="com.sun.xacml.test.ConformanceTest" name="testXACML"/>
  <testcase time="0.005" classname="com.sun.xacml.test.ConformanceTest" name="testXACML"/>
  <testcase time="0.005" classname="com.sun.xacml.test.ConformanceTest" name="testXACML"/>
  <testcase time="0.005" classname="com.sun.xacml.test.ConformanceTest" name="testXACML"/>
  <testcase time="0.005" classname="com.sun.xacml.test.ConformanceTest" name="testXACML"/>
  <testcase time="0.006" classname="com.sun.xacml.test.ConformanceTest" name="testXACML"/>
  <testcase time="0.004" classname="com.sun.xacml.test.ConformanceTest" name="testXACML"/>
  <testcase time="0.005" classname="com.sun.xacml.test.ConformanceTest" name="testXACML"/>
  <testcase time="0.008" classname="com.sun.xacml.test.ConformanceTest" name="testXACML"/>
  <testcase time="0.005" classname="com.sun.xacml.test.ConformanceTest" name="testXACML"/>
  <testcase time="0.005" classname="com.sun.xacml.test.ConformanceTest" name="testXACML"/>
  <testcase time="0.005" classname="com.sun.xacml.test.ConformanceTest" name="testXACML"/>
  <testcase time="0.006" classname="com.sun.xacml.test.ConformanceTest" name="testXACML"/>
  <testcase time="0.006" classname="com.sun.xacml.test.ConformanceTest" name="testXACML"/>
  <testcase time="0.005" classname="com.sun.xacml.test.ConformanceTest" name="testXACML"/>
  <testcase time="0.006" classname="com.sun.xacml.test.ConformanceTest" name="testXACML"/>
  <testcase time="0.006" classname="com.sun.xacml.test.ConformanceTest" name="testXACML"/>
  <testcase time="0.01" classname="com.sun.xacml.test.ConformanceTest" name="testXACML"/>
  <testcase time="0.005" classname="com.sun.xacml.test.ConformanceTest" name="testXACML"/>
  <testcase time="0.006" classname="com.sun.xacml.test.ConformanceTest" name="testXACML"/>
  <testcase time="0.005" classname="com.sun.xacml.test.ConformanceTest" name="testXACML"/>
  <testcase time="0.006" classname="com.sun.xacml.test.ConformanceTest" name="testXACML"/>
  <testcase time="0.01" classname="com.sun.xacml.test.ConformanceTest" name="testXACML"/>
  <testcase time="0.005" classname="com.sun.xacml.test.ConformanceTest" name="testXACML"/>
  <testcase time="0.006" classname="com.sun.xacml.test.ConformanceTest" name="testXACML"/>
  <testcase time="0.005" classname="com.sun.xacml.test.ConformanceTest" name="testXACML"/>
  <testcase time="0.011" classname="com.sun.xacml.test.ConformanceTest" name="testXACML"/>
  <testcase time="0.01" classname="com.sun.xacml.test.ConformanceTest" name="testXACML"/>
  <testcase time="0.014" classname="com.sun.xacml.test.ConformanceTest" name="testXACML"/>
  <testcase time="0.02" classname="com.sun.xacml.test.ConformanceTest" name="testXACML"/>
  <testcase time="0.011" classname="com.sun.xacml.test.ConformanceTest" name="testXACML"/>
  <testcase time="0.013" classname="com.sun.xacml.test.ConformanceTest" name="testXACML"/>
  <testcase time="0.014" classname="com.sun.xacml.test.ConformanceTest" name="testXACML"/>
  <testcase time="0.012" classname="com.sun.xacml.test.ConformanceTest" name="testXACML"/>
  <testcase time="0.012" classname="com.sun.xacml.test.ConformanceTest" name="testXACML"/>
  <testcase time="0.009" classname="com.sun.xacml.test.ConformanceTest" name="testXACML"/>
  <testcase time="0.006" classname="com.sun.xacml.test.ConformanceTest" name="testXACML"/>
  <testcase time="0.005" classname="com.sun.xacml.test.ConformanceTest" name="testXACML"/>
  <testcase time="0.006" classname="com.sun.xacml.test.ConformanceTest" name="testXACML"/>
  <testcase time="0.007" classname="com.sun.xacml.test.ConformanceTest" name="testXACML"/>
  <testcase time="0.006" classname="com.sun.xacml.test.ConformanceTest" name="testXACML"/>
  <testcase time="0.006" classname="com.sun.xacml.test.ConformanceTest" name="testXACML"/>
  <testcase time="0.006" classname="com.sun.xacml.test.ConformanceTest" name="testXACML"/>
  <testcase time="0.007" classname="com.sun.xacml.test.ConformanceTest" name="testXACML"/>
  <testcase time="0.006" classname="com.sun.xacml.test.ConformanceTest" name="testXACML"/>
  <testcase time="0.009" classname="com.sun.xacml.test.ConformanceTest" name="testXACML"/>
  <testcase time="0.007" classname="com.sun.xacml.test.ConformanceTest" name="testXACML"/>
  <testcase time="0.008" classname="com.sun.xacml.test.ConformanceTest" name="testXACML"/>
  <testcase time="0.009" classname="com.sun.xacml.test.ConformanceTest" name="testXACML"/>
  <testcase time="0.007" classname="com.sun.xacml.test.ConformanceTest" name="testXACML"/>
  <testcase time="0.008" classname="com.sun.xacml.test.ConformanceTest" name="testXACML"/>
  <testcase time="0.018" classname="com.sun.xacml.test.ConformanceTest" name="testXACML"/>
  <testcase time="0.009" classname="com.sun.xacml.test.ConformanceTest" name="testXACML"/>
  <testcase time="0.015" classname="com.sun.xacml.test.ConformanceTest" name="testXACML"/>
  <testcase time="0.014" classname="com.sun.xacml.test.ConformanceTest" name="testXACML"/>
  <testcase time="0.013" classname="com.sun.xacml.test.ConformanceTest" name="testXACML"/>
  <testcase time="0.028" classname="com.sun.xacml.test.ConformanceTest" name="testXACML"/>
  <testcase time="0.049" classname="com.sun.xacml.test.ConformanceTest" name="testXACML"/>
  <testcase time="0.046" classname="com.sun.xacml.test.ConformanceTest" name="testXACML"/>
  <testcase time="0.007" classname="com.sun.xacml.test.ConformanceTest" name="testXACML"/>
  <testcase time="0.008" classname="com.sun.xacml.test.ConformanceTest" name="testXACML"/>
  <testcase time="0.032" classname="com.sun.xacml.test.ConformanceTest" name="testXACML"/>
  <testcase time="0.009" classname="com.sun.xacml.test.ConformanceTest" name="testXACML"/>
  <testcase time="0.006" classname="com.sun.xacml.test.ConformanceTest" name="testXACML"/>
  <testcase time="0.006" classname="com.sun.xacml.test.ConformanceTest" name="testXACML"/>
  <testcase time="0.006" classname="com.sun.xacml.test.ConformanceTest" name="testXACML"/>
  <testcase time="0.007" classname="com.sun.xacml.test.ConformanceTest" name="testXACML"/>
  <testcase time="0.005" classname="com.sun.xacml.test.ConformanceTest" name="testXACML"/>
  <testcase time="0.006" classname="com.sun.xacml.test.ConformanceTest" name="testXACML"/>
  <testcase time="0.007" classname="com.sun.xacml.test.ConformanceTest" name="testXACML"/>
  <testcase time="0.012" classname="com.sun.xacml.test.ConformanceTest" name="testXACML"/>
  <testcase time="0.006" classname="com.sun.xacml.test.ConformanceTest" name="testXACML"/>
  <testcase time="0.007" classname="com.sun.xacml.test.ConformanceTest" name="testXACML"/>
  <testcase time="0.006" classname="com.sun.xacml.test.ConformanceTest" name="testXACML"/>
  <testcase time="0.005" classname="com.sun.xacml.test.ConformanceTest" name="testXACML"/>
  <testcase time="0.006" classname="com.sun.xacml.test.ConformanceTest" name="testXACML"/>
  <testcase time="0.006" classname="com.sun.xacml.test.ConformanceTest" name="testXACML"/>
  <testcase time="0.015" classname="com.sun.xacml.test.ConformanceTest" name="testXACML"/>
  <testcase time="0.006" classname="com.sun.xacml.test.ConformanceTest" name="testXACML"/>
  <testcase time="0.014" classname="com.sun.xacml.test.ConformanceTest" name="testXACML"/>
  <testcase time="0.006" classname="com.sun.xacml.test.ConformanceTest" name="testXACML"/>
  <testcase time="0.006" classname="com.sun.xacml.test.ConformanceTest" name="testXACML"/>
  <testcase time="0.005" classname="com.sun.xacml.test.ConformanceTest" name="testXACML"/>
  <testcase time="0.005" classname="com.sun.xacml.test.ConformanceTest" name="testXACML"/>
  <testcase time="0.004" classname="com.sun.xacml.test.ConformanceTest" name="testXACML"/>
  <testcase time="0.006" classname="com.sun.xacml.test.ConformanceTest" name="testXACML"/>
  <testcase time="0.006" classname="com.sun.xacml.test.ConformanceTest" name="testXACML"/>
  <testcase time="0.006" classname="com.sun.xacml.test.ConformanceTest" name="testXACML"/>
  <testcase time="0.018" classname="com.sun.xacml.test.ConformanceTest" name="testXACML"/>
  <testcase time="0.005" classname="com.sun.xacml.test.ConformanceTest" name="testXACML"/>
  <testcase time="0.006" classname="com.sun.xacml.test.ConformanceTest" name="testXACML"/>
  <testcase time="0.007" classname="com.sun.xacml.test.ConformanceTest" name="testXACML"/>
  <testcase time="0.011" classname="com.sun.xacml.test.ConformanceTest" name="testXACML"/>
  <testcase time="0.007" classname="com.sun.xacml.test.ConformanceTest" name="testXACML"/>
  <testcase time="0.008" classname="com.sun.xacml.test.ConformanceTest" name="testXACML"/>
  <testcase time="0.025" classname="com.sun.xacml.test.ConformanceTest" name="testXACML"/>
  <testcase time="0.007" classname="com.sun.xacml.test.ConformanceTest" name="testXACML"/>
  <testcase time="0.011" classname="com.sun.xacml.test.ConformanceTest" name="testXACML"/>
  <testcase time="0.008" classname="com.sun.xacml.test.ConformanceTest" name="testXACML"/>
  <testcase time="0.013" classname="com.sun.xacml.test.ConformanceTest" name="testXACML"/>
  <testcase time="0.015" classname="com.sun.xacml.test.ConformanceTest" name="testXACML"/>
  <testcase time="0.017" classname="com.sun.xacml.test.ConformanceTest" name="testXACML"/>
  <testcase time="0.016" classname="com.sun.xacml.test.ConformanceTest" name="testXACML"/>
  <testcase time="0.062" classname="com.sun.xacml.test.ConformanceTest" name="testXACML"/>
  <testcase time="0.008" classname="com.sun.xacml.test.ConformanceTest" name="testXACML"/>
  <testcase time="0.016" classname="com.sun.xacml.test.ConformanceTest" name="testXACML"/>
  <testcase time="0.025" classname="com.sun.xacml.test.ConformanceTest" name="testXACML"/>
  <testcase time="0.025" classname="com.sun.xacml.test.ConformanceTest" name="testXACML"/>
  <testcase time="0.107" classname="com.sun.xacml.test.ConformanceTest" name="testXACML"/>
  <testcase time="0.046" classname="com.sun.xacml.test.ConformanceTest" name="testXACML"/>
  <testcase time="0.048" classname="com.sun.xacml.test.ConformanceTest" name="testXACML"/>
  <testcase time="0.06" classname="com.sun.xacml.test.ConformanceTest" name="testXACML"/>
  <testcase time="0.006" classname="com.sun.xacml.test.ConformanceTest" name="testXACML"/>
  <testcase time="0.051" classname="com.sun.xacml.test.ConformanceTest" name="testXACML"/>
  <testcase time="0.032" classname="com.sun.xacml.test.ConformanceTest" name="testXACML"/>
  <testcase time="0.099" classname="com.sun.xacml.test.ConformanceTest" name="testXACML"/>
  <testcase time="0.007" classname="com.sun.xacml.test.ConformanceTest" name="testXACML"/>
  <testcase time="0.007" classname="com.sun.xacml.test.ConformanceTest" name="testXACML"/>
  <testcase time="0.008" classname="com.sun.xacml.test.ConformanceTest" name="testXACML"/>
  <testcase time="0.016" classname="com.sun.xacml.test.ConformanceTest" name="testXACML"/>
  <testcase time="0.015" classname="com.sun.xacml.test.ConformanceTest" name="testXACML"/>
  <testcase time="0.012" classname="com.sun.xacml.test.ConformanceTest" name="testXACML"/>
  <testcase time="0.04" classname="com.sun.xacml.test.ConformanceTest" name="testXACML"/>
  <testcase time="0.01" classname="com.sun.xacml.test.ConformanceTest" name="testXACML"/>
  <testcase time="0.024" classname="com.sun.xacml.test.ConformanceTest" name="testXACML"/>
  <testcase time="0.008" classname="com.sun.xacml.test.ConformanceTest" name="testXACML"/>
  <testcase time="0.027" classname="com.sun.xacml.test.ConformanceTest" name="testXACML"/>
  <testcase time="0.011" classname="com.sun.xacml.test.ConformanceTest" name="testXACML"/>
  <testcase time="0.014" classname="com.sun.xacml.test.ConformanceTest" name="testXACML"/>
  <testcase time="0.006" classname="com.sun.xacml.test.ConformanceTest" name="testXACML"/>
  <testcase time="0.007" classname="com.sun.xacml.test.ConformanceTest" name="testXACML"/>
  <testcase time="0.006" classname="com.sun.xacml.test.ConformanceTest" name="testXACML"/>
  <testcase time="0.022" classname="com.sun.xacml.test.ConformanceTest" name="testXACML"/>
  <testcase time="0.01" classname="com.sun.xacml.test.ConformanceTest" name="testXACML"/>
  <testcase time="0.007" classname="com.sun.xacml.test.ConformanceTest" name="testXACML"/>
  <testcase time="0.025" classname="com.sun.xacml.test.ConformanceTest" name="testXACML"/>
  <testcase time="0.049" classname="com.sun.xacml.test.ConformanceTest" name="testXACML"/>
  <testcase time="0.006" classname="com.sun.xacml.test.ConformanceTest" name="testXACML"/>
  <testcase time="0.051" classname="com.sun.xacml.test.ConformanceTest" name="testXACML"/>
  <testcase time="0.155" classname="com.sun.xacml.test.ConformanceTest" name="testXACML"/>
  <testcase time="0.019" classname="com.sun.xacml.test.ConformanceTest" name="testXACML"/>
  <testcase time="0.006" classname="com.sun.xacml.test.ConformanceTest" name="testXACML"/>
  <testcase time="0.008" classname="com.sun.xacml.test.ConformanceTest" name="testXACML"/>
  <testcase time="0.016" classname="com.sun.xacml.test.ConformanceTest" name="testXACML"/>
  <testcase time="0.028" classname="com.sun.xacml.test.ConformanceTest" name="testXACML"/>
  <testcase time="0.012" classname="com.sun.xacml.test.ConformanceTest" name="testXACML"/>
  <testcase time="0.007" classname="com.sun.xacml.test.ConformanceTest" name="testXACML"/>
  <testcase time="0.014" classname="com.sun.xacml.test.ConformanceTest" name="testXACML"/>
  <testcase time="0.023" classname="com.sun.xacml.test.ConformanceTest" name="testXACML"/>
  <testcase time="0.022" classname="com.sun.xacml.test.ConformanceTest" name="testXACML"/>
  <testcase time="0.009" classname="com.sun.xacml.test.ConformanceTest" name="testXACML"/>
  <testcase time="0.007" classname="com.sun.xacml.test.ConformanceTest" name="testXACML"/>
  <testcase time="0.01" classname="com.sun.xacml.test.ConformanceTest" name="testXACML"/>
  <testcase time="0.027" classname="com.sun.xacml.test.ConformanceTest" name="testXACML"/>
  <testcase time="0.524" classname="com.sun.xacml.test.ConformanceTest" name="testXACML"/>
  <testcase time="0.037" classname="com.sun.xacml.test.ConformanceTest" name="testXACML"/>
  <testcase time="0.025" classname="com.sun.xacml.test.ConformanceTest" name="testXACML"/>
  <testcase time="0.06" classname="com.sun.xacml.test.ConformanceTest" name="testXACML"/>
  <testcase time="0.029" classname="com.sun.xacml.test.ConformanceTest" name="testXACML"/>
  <testcase time="0.021" classname="com.sun.xacml.test.ConformanceTest" name="testXACML"/>
  <testcase time="0.042" classname="com.sun.xacml.test.ConformanceTest" name="testXACML"/>
</testsuite>